{"/Users/mac/Desktop/my-practicing/blog-app/src/app/model/user.model.ts": {"path":"/Users/mac/Desktop/my-practicing/blog-app/src/app/model/user.model.ts","statementMap":{"0":{"start":{"line":1,"column":0},"end":{"line":1,"column":42}},"1":{"start":{"line":3,"column":0},"end":{"line":3,"column":33}},"2":{"start":{"line":4,"column":0},"end":{"line":4,"column":34}},"3":{"start":{"line":5,"column":0},"end":{"line":5,"column":40}},"4":{"start":{"line":7,"column":19},"end":{"line":45,"column":2}},"5":{"start":{"line":35,"column":21},"end":{"line":35,"column":34}},"6":{"start":{"line":36,"column":4},"end":{"line":36,"column":null}},"7":{"start":{"line":47,"column":0},"end":{"line":50,"column":null}},"8":{"start":{"line":48,"column":1},"end":{"line":48,"column":null}},"9":{"start":{"line":49,"column":1},"end":{"line":49,"column":null}},"10":{"start":{"line":52,"column":0},"end":{"line":57,"column":null}},"11":{"start":{"line":53,"column":1},"end":{"line":53,"column":null}},"12":{"start":{"line":53,"column":35},"end":{"line":53,"column":null}},"13":{"start":{"line":54,"column":1},"end":{"line":54,"column":null}},"14":{"start":{"line":55,"column":1},"end":{"line":55,"column":null}},"15":{"start":{"line":56,"column":1},"end":{"line":56,"column":null}},"16":{"start":{"line":58,"column":0},"end":{"line":62,"column":null}},"17":{"start":{"line":61,"column":1},"end":{"line":61,"column":null}},"18":{"start":{"line":64,"column":13},"end":{"line":64,"column":null}},"19":{"start":{"line":66,"column":13},"end":{"line":73,"column":null}}},"fnMap":{"0":{"name":"(anonymous_10)","decl":{"start":{"line":34,"column":14},"end":{"line":34,"column":37}},"loc":{"start":{"line":34,"column":48},"end":{"line":37,"column":4}}},"1":{"name":"(anonymous_11)","decl":{"start":{"line":47,"column":24},"end":{"line":47,"column":63}},"loc":{"start":{"line":47,"column":67},"end":{"line":50,"column":1}}},"2":{"name":"(anonymous_12)","decl":{"start":{"line":52,"column":23},"end":{"line":52,"column":28}},"loc":{"start":{"line":52,"column":43},"end":{"line":57,"column":1}}},"3":{"name":"(anonymous_13)","decl":{"start":{"line":58,"column":37},"end":{"line":58,"column":42}},"loc":{"start":{"line":59,"column":26},"end":{"line":62,"column":1}}}},"branchMap":{"0":{"loc":{"start":{"line":53,"column":1},"end":{"line":53,"column":null}},"type":"if","locations":[{"start":{"line":53,"column":1},"end":{"line":53,"column":null}}]}},"s":{"0":1,"1":1,"2":1,"3":1,"4":1,"5":0,"6":0,"7":1,"8":0,"9":0,"10":1,"11":0,"12":0,"13":0,"14":0,"15":0,"16":1,"17":0,"18":1,"19":1},"f":{"0":0,"1":0,"2":0,"3":0},"b":{"0":[0]}}
,"/Users/mac/Desktop/my-practicing/blog-app/src/app/service/appError.service.ts": {"path":"/Users/mac/Desktop/my-practicing/blog-app/src/app/service/appError.service.ts","statementMap":{"0":{"start":{"line":12,"column":2},"end":{"line":12,"column":null}},"1":{"start":{"line":13,"column":2},"end":{"line":13,"column":null}},"2":{"start":{"line":14,"column":2},"end":{"line":14,"column":null}},"3":{"start":{"line":15,"column":2},"end":{"line":15,"column":null}},"4":{"start":{"line":16,"column":2},"end":{"line":16,"column":null}},"5":{"start":{"line":1,"column":0},"end":{"line":1,"column":21}}},"fnMap":{"0":{"name":"(anonymous_0)","decl":{"start":{"line":6,"column":1},"end":{"line":6,"column":null}},"loc":{"start":{"line":10,"column":39},"end":{"line":17,"column":2}}}},"branchMap":{"0":{"loc":{"start":{"line":8,"column":2},"end":{"line":8,"column":25}},"type":"default-arg","locations":[{"start":{"line":8,"column":19},"end":{"line":8,"column":25}}]},"1":{"loc":{"start":{"line":9,"column":2},"end":{"line":9,"column":26}},"type":"default-arg","locations":[{"start":{"line":9,"column":23},"end":{"line":9,"column":26}}]},"2":{"loc":{"start":{"line":10,"column":2},"end":{"line":10,"column":39}},"type":"default-arg","locations":[{"start":{"line":10,"column":30},"end":{"line":10,"column":39}}]}},"s":{"0":7,"1":7,"2":7,"3":7,"4":7,"5":1},"f":{"0":7},"b":{"0":[0],"1":[0],"2":[7]}}
,"/Users/mac/Desktop/my-practicing/blog-app/src/app/service/auth.service.ts": {"path":"/Users/mac/Desktop/my-practicing/blog-app/src/app/service/auth.service.ts","statementMap":{"0":{"start":{"line":2,"column":0},"end":{"line":2,"column":47}},"1":{"start":{"line":3,"column":0},"end":{"line":3,"column":41}},"2":{"start":{"line":4,"column":0},"end":{"line":4,"column":46}},"3":{"start":{"line":16,"column":8},"end":{"line":16,"column":22}},"4":{"start":{"line":17,"column":16},"end":{"line":22,"column":null}},"5":{"start":{"line":24,"column":2},"end":{"line":27,"column":null}},"6":{"start":{"line":30,"column":8},"end":{"line":30,"column":17}},"7":{"start":{"line":31,"column":53},"end":{"line":31,"column":57}},"8":{"start":{"line":32,"column":15},"end":{"line":38,"column":4}},"9":{"start":{"line":39,"column":15},"end":{"line":39,"column":78}},"10":{"start":{"line":40,"column":2},"end":{"line":40,"column":null}},"11":{"start":{"line":41,"column":2},"end":{"line":41,"column":null}},"12":{"start":{"line":44,"column":8},"end":{"line":44,"column":16}},"13":{"start":{"line":45,"column":30},"end":{"line":45,"column":34}},"14":{"start":{"line":46,"column":2},"end":{"line":47,"column":null}},"15":{"start":{"line":47,"column":3},"end":{"line":47,"column":null}},"16":{"start":{"line":48,"column":13},"end":{"line":48,"column":47}},"17":{"start":{"line":49,"column":2},"end":{"line":50,"column":null}},"18":{"start":{"line":50,"column":3},"end":{"line":50,"column":null}},"19":{"start":{"line":51,"column":2},"end":{"line":51,"column":null}},"20":{"start":{"line":52,"column":2},"end":{"line":52,"column":null}},"21":{"start":{"line":53,"column":2},"end":{"line":53,"column":null}},"22":{"start":{"line":54,"column":2},"end":{"line":54,"column":null}},"23":{"start":{"line":55,"column":2},"end":{"line":55,"column":null}},"24":{"start":{"line":58,"column":8},"end":{"line":58,"column":17}},"25":{"start":{"line":59,"column":15},"end":{"line":59,"column":43}},"26":{"start":{"line":60,"column":2},"end":{"line":60,"column":null}},"27":{"start":{"line":60,"column":13},"end":{"line":60,"column":null}},"28":{"start":{"line":61,"column":2},"end":{"line":61,"column":null}},"29":{"start":{"line":62,"column":2},"end":{"line":62,"column":null}},"30":{"start":{"line":63,"column":2},"end":{"line":65,"column":null}},"31":{"start":{"line":68,"column":8},"end":{"line":68,"column":22}},"32":{"start":{"line":69,"column":16},"end":{"line":69,"column":60}},"33":{"start":{"line":70,"column":37},"end":{"line":70,"column":70}},"34":{"start":{"line":71,"column":2},"end":{"line":73,"column":3}},"35":{"start":{"line":72,"column":3},"end":{"line":72,"column":null}},"36":{"start":{"line":74,"column":18},"end":{"line":74,"column":47}},"37":{"start":{"line":75,"column":18},"end":{"line":75,"column":67}},"38":{"start":{"line":77,"column":15},"end":{"line":79,"column":4}},"39":{"start":{"line":80,"column":2},"end":{"line":82,"column":3}},"40":{"start":{"line":81,"column":3},"end":{"line":81,"column":null}},"41":{"start":{"line":84,"column":2},"end":{"line":86,"column":3}},"42":{"start":{"line":85,"column":3},"end":{"line":85,"column":null}},"43":{"start":{"line":88,"column":2},"end":{"line":88,"column":null}},"44":{"start":{"line":92,"column":0},"end":{"line":92,"column":null}}},"fnMap":{"0":{"name":"(anonymous_1)","decl":{"start":{"line":16,"column":22},"end":{"line":16,"column":23}},"loc":{"start":{"line":16,"column":74},"end":{"line":28,"column":null}}},"1":{"name":"(anonymous_2)","decl":{"start":{"line":30,"column":17},"end":{"line":30,"column":22}},"loc":{"start":{"line":30,"column":54},"end":{"line":42,"column":null}}},"2":{"name":"(anonymous_3)","decl":{"start":{"line":44,"column":16},"end":{"line":44,"column":21}},"loc":{"start":{"line":44,"column":53},"end":{"line":56,"column":null}}},"3":{"name":"(anonymous_4)","decl":{"start":{"line":58,"column":17},"end":{"line":58,"column":22}},"loc":{"start":{"line":58,"column":53},"end":{"line":66,"column":null}}},"4":{"name":"(anonymous_5)","decl":{"start":{"line":68,"column":22},"end":{"line":68,"column":27}},"loc":{"start":{"line":68,"column":46},"end":{"line":89,"column":null}}}},"branchMap":{"0":{"loc":{"start":{"line":46,"column":2},"end":{"line":47,"column":null}},"type":"if","locations":[{"start":{"line":46,"column":2},"end":{"line":47,"column":null}}]},"1":{"loc":{"start":{"line":46,"column":6},"end":{"line":46,"column":25}},"type":"binary-expr","locations":[{"start":{"line":46,"column":6},"end":{"line":46,"column":12}},{"start":{"line":46,"column":16},"end":{"line":46,"column":25}}]},"2":{"loc":{"start":{"line":49,"column":2},"end":{"line":50,"column":null}},"type":"if","locations":[{"start":{"line":49,"column":2},"end":{"line":50,"column":null}}]},"3":{"loc":{"start":{"line":49,"column":6},"end":{"line":49,"column":55}},"type":"binary-expr","locations":[{"start":{"line":49,"column":6},"end":{"line":49,"column":11}},{"start":{"line":49,"column":15},"end":{"line":49,"column":55}}]},"4":{"loc":{"start":{"line":60,"column":2},"end":{"line":60,"column":null}},"type":"if","locations":[{"start":{"line":60,"column":2},"end":{"line":60,"column":null}}]},"5":{"loc":{"start":{"line":71,"column":2},"end":{"line":73,"column":3}},"type":"if","locations":[{"start":{"line":71,"column":2},"end":{"line":73,"column":3}}]},"6":{"loc":{"start":{"line":80,"column":2},"end":{"line":82,"column":3}},"type":"if","locations":[{"start":{"line":80,"column":2},"end":{"line":82,"column":3}}]},"7":{"loc":{"start":{"line":84,"column":2},"end":{"line":86,"column":3}},"type":"if","locations":[{"start":{"line":84,"column":2},"end":{"line":86,"column":3}}]}},"s":{"0":1,"1":1,"2":1,"3":1,"4":3,"5":3,"6":1,"7":1,"8":1,"9":1,"10":1,"11":1,"12":1,"13":3,"14":3,"15":1,"16":2,"17":2,"18":1,"19":1,"20":1,"21":1,"22":1,"23":1,"24":1,"25":2,"26":2,"27":1,"28":1,"29":1,"30":1,"31":1,"32":3,"33":3,"34":3,"35":1,"36":2,"37":2,"38":2,"39":2,"40":0,"41":2,"42":1,"43":1,"44":1},"f":{"0":3,"1":1,"2":3,"3":2,"4":3},"b":{"0":[1],"1":[3,2],"2":[1],"3":[2,1],"4":[1],"5":[1],"6":[0],"7":[1]}}
}
