TN:
SF:src/app/model/user.model.ts
FN:34,(anonymous_10)
FN:47,(anonymous_11)
FN:52,(anonymous_12)
FN:58,(anonymous_13)
FNF:4
FNH:0
FNDA:0,(anonymous_10)
FNDA:0,(anonymous_11)
FNDA:0,(anonymous_12)
FNDA:0,(anonymous_13)
DA:1,1
DA:3,1
DA:4,1
DA:5,1
DA:7,1
DA:35,0
DA:36,0
DA:47,1
DA:48,0
DA:49,0
DA:52,1
DA:53,0
DA:54,0
DA:55,0
DA:56,0
DA:58,1
DA:61,0
DA:64,1
DA:66,1
LF:19
LH:10
BRDA:53,0,0,0
BRF:1
BRH:0
end_of_record
TN:
SF:src/app/service/appError.service.ts
FN:6,(anonymous_0)
FNF:1
FNH:1
FNDA:7,(anonymous_0)
DA:1,1
DA:12,7
DA:13,7
DA:14,7
DA:15,7
DA:16,7
LF:6
LH:6
BRDA:8,0,0,0
BRDA:9,1,0,0
BRDA:10,2,0,7
BRF:3
BRH:1
end_of_record
TN:
SF:src/app/service/auth.service.ts
FN:16,(anonymous_1)
FN:30,(anonymous_2)
FN:44,(anonymous_3)
FN:58,(anonymous_4)
FN:68,(anonymous_5)
FNF:5
FNH:5
FNDA:3,(anonymous_1)
FNDA:1,(anonymous_2)
FNDA:3,(anonymous_3)
FNDA:2,(anonymous_4)
FNDA:3,(anonymous_5)
DA:2,1
DA:3,1
DA:4,1
DA:16,1
DA:17,3
DA:24,3
DA:30,1
DA:31,1
DA:32,1
DA:39,1
DA:40,1
DA:41,1
DA:44,1
DA:45,3
DA:46,3
DA:47,1
DA:48,2
DA:49,2
DA:50,1
DA:51,1
DA:52,1
DA:53,1
DA:54,1
DA:55,1
DA:58,1
DA:59,2
DA:60,2
DA:61,1
DA:62,1
DA:63,1
DA:68,1
DA:69,3
DA:70,3
DA:71,3
DA:72,1
DA:74,2
DA:75,2
DA:77,2
DA:80,2
DA:81,0
DA:84,2
DA:85,1
DA:88,1
DA:92,1
LF:44
LH:43
BRDA:46,0,0,1
BRDA:46,1,0,3
BRDA:46,1,1,2
BRDA:49,2,0,1
BRDA:49,3,0,2
BRDA:49,3,1,1
BRDA:60,4,0,1
BRDA:71,5,0,1
BRDA:80,6,0,0
BRDA:84,7,0,1
BRF:10
BRH:9
end_of_record
